app/build/intermediates/manifest_merge_blame_file/release/manifest-merger-blame-release-report.txt
1<?xml version="1.0" encoding="utf-8"?>
2<manifest xmlns:android="http://schemas.android.com/apk/res/android"
3    package="com.relylabs.InstaHelo"
4    android:versionCode="15"
5    android:versionName="0.0.15" >
6
7    <uses-sdk
8        android:minSdkVersion="26"
8-->src/main/AndroidManifest.xml
9        android:targetSdkVersion="30" />
9-->src/main/AndroidManifest.xml
10
11    <uses-permission android:name="android.permission.READ_PHONE_STATE" />
11-->src/main/AndroidManifest.xml:4:5-75
11-->src/main/AndroidManifest.xml:4:22-72
12    <uses-permission android:name="android.permission.INTERNET" />
12-->src/main/AndroidManifest.xml:5:5-67
12-->src/main/AndroidManifest.xml:5:22-64
13    <uses-permission android:name="android.permission.RECORD_AUDIO" />
13-->src/main/AndroidManifest.xml:6:5-71
13-->src/main/AndroidManifest.xml:6:22-68
14    <uses-permission android:name="android.permission.MODIFY_AUDIO_SETTINGS" />
14-->src/main/AndroidManifest.xml:7:5-80
14-->src/main/AndroidManifest.xml:7:22-77
15    <uses-permission android:name="android.permission.ACCESS_NETWORK_STATE" />
15-->src/main/AndroidManifest.xml:8:5-79
15-->src/main/AndroidManifest.xml:8:22-76
16    <uses-permission android:name="android.permission.BLUETOOTH" />
16-->src/main/AndroidManifest.xml:9:5-68
16-->src/main/AndroidManifest.xml:9:22-65
17    <uses-permission android:name="android.permission.ACCESS_WIFI_STATE" />
17-->src/main/AndroidManifest.xml:10:5-76
17-->src/main/AndroidManifest.xml:10:22-73
18    <uses-permission android:name="android.permission.READ_EXTERNAL_STORAGE" />
18-->src/main/AndroidManifest.xml:11:5-80
18-->src/main/AndroidManifest.xml:11:22-77
19    <uses-permission android:name="android.permission.READ_CONTACTS" />
19-->src/main/AndroidManifest.xml:12:5-72
19-->src/main/AndroidManifest.xml:12:22-69
20    <uses-permission android:name="android.permission.CAMERA" />
20-->src/main/AndroidManifest.xml:13:5-81
20-->src/main/AndroidManifest.xml:13:22-62
21    <uses-permission android:name="android.permission.WAKE_LOCK" /> <!-- Required by older versions of Google Play services to create IID tokens -->
21-->[com.google.firebase:firebase-iid:21.0.1] AndroidManifest.xml:24:5-68
21-->[com.google.firebase:firebase-iid:21.0.1] AndroidManifest.xml:24:22-65
22    <uses-permission android:name="com.google.android.c2dm.permission.RECEIVE" />
22-->[com.google.firebase:firebase-iid:21.0.1] AndroidManifest.xml:26:5-82
22-->[com.google.firebase:firebase-iid:21.0.1] AndroidManifest.xml:26:22-79
23    <uses-permission android:name="com.google.android.finsky.permission.BIND_GET_INSTALL_REFERRER_SERVICE" />
23-->[com.google.android.gms:play-services-measurement:18.0.2] AndroidManifest.xml:26:5-110
23-->[com.google.android.gms:play-services-measurement:18.0.2] AndroidManifest.xml:26:22-107
24
25    <application
25-->src/main/AndroidManifest.xml:14:5-74:19
26        android:name="com.relylabs.InstaHelo.App"
26-->src/main/AndroidManifest.xml:16:9-50
27        android:allowBackup="true"
27-->src/main/AndroidManifest.xml:17:9-35
28        android:appComponentFactory="androidx.core.app.CoreComponentFactory"
28-->[androidx.core:core:1.3.0] AndroidManifest.xml:24:18-86
29        android:extractNativeLibs="false"
30        android:hardwareAccelerated="true"
30-->src/main/AndroidManifest.xml:22:9-43
31        android:icon="@mipmap/ic_launcher"
31-->src/main/AndroidManifest.xml:18:9-43
32        android:label="@string/app_name"
32-->src/main/AndroidManifest.xml:19:9-41
33        android:requestLegacyExternalStorage="true"
33-->src/main/AndroidManifest.xml:15:9-52
34        android:roundIcon="@mipmap/ic_launcher_round"
34-->src/main/AndroidManifest.xml:20:9-54
35        android:supportsRtl="true"
35-->src/main/AndroidManifest.xml:21:9-35
36        android:theme="@style/DialogTheme" >
36-->src/main/AndroidManifest.xml:23:9-43
37        <provider
38            android:name="androidx.core.content.FileProvider"
38-->src/main/AndroidManifest.xml:27:13-62
39            android:authorities="com.relylabs.InstaHelo.provider"
39-->src/main/AndroidManifest.xml:28:13-60
40            android:exported="false"
40-->src/main/AndroidManifest.xml:29:13-37
41            android:grantUriPermissions="true" >
41-->src/main/AndroidManifest.xml:30:13-47
42            <meta-data
42-->src/main/AndroidManifest.xml:31:13-33:57
43                android:name="android.support.FILE_PROVIDER_PATHS"
43-->src/main/AndroidManifest.xml:32:17-67
44                android:resource="@xml/provider_paths" />
44-->src/main/AndroidManifest.xml:33:17-55
45        </provider>
46        <provider
46-->src/main/AndroidManifest.xml:38:9-41:40
47            android:name="com.activeandroid.content.ContentProvider"
47-->src/main/AndroidManifest.xml:39:13-69
48            android:authorities="com.relylabs.InstaHelo"
48-->src/main/AndroidManifest.xml:40:13-57
49            android:exported="false" />
49-->src/main/AndroidManifest.xml:41:13-37
50
51        <meta-data
51-->src/main/AndroidManifest.xml:43:9-45:44
52            android:name="AA_DB_NAME"
52-->src/main/AndroidManifest.xml:44:13-38
53            android:value="InstalHeloDB" />
53-->src/main/AndroidManifest.xml:45:13-41
54        <meta-data
54-->src/main/AndroidManifest.xml:46:9-47:63
55            android:name="AA_DB_VERSION"
55-->src/main/AndroidManifest.xml:47:13-41
56            android:value="1" />
56-->src/main/AndroidManifest.xml:47:43-60
57        <meta-data
57-->src/main/AndroidManifest.xml:48:9-50:110
58            android:name="AA_MODELS"
58-->src/main/AndroidManifest.xml:49:13-37
59            android:value="com.relylabs.Instahelo.models.User, com.relylabs.Instahelo.models.EventElement" />
59-->src/main/AndroidManifest.xml:50:13-107
60
61        <activity
61-->src/main/AndroidManifest.xml:52:9-61:20
62            android:name="com.relylabs.InstaHelo.MainActivity"
62-->src/main/AndroidManifest.xml:53:13-41
63            android:screenOrientation="portrait"
63-->src/main/AndroidManifest.xml:54:13-49
64            android:windowSoftInputMode="adjustResize|adjustPan" >
64-->src/main/AndroidManifest.xml:55:13-65
65            <intent-filter>
65-->src/main/AndroidManifest.xml:56:13-60:29
66                <action android:name="android.intent.action.MAIN" />
66-->src/main/AndroidManifest.xml:57:17-69
66-->src/main/AndroidManifest.xml:57:25-66
67
68                <category android:name="android.intent.category.LAUNCHER" />
68-->src/main/AndroidManifest.xml:59:17-77
68-->src/main/AndroidManifest.xml:59:27-74
69            </intent-filter>
70        </activity>
71
72        <service
72-->src/main/AndroidManifest.xml:63:9-72:19
73            android:name="com.relylabs.InstaHelo.services.MyFirebaseMessagingService"
73-->src/main/AndroidManifest.xml:64:13-86
74            android:enabled="true"
74-->src/main/AndroidManifest.xml:65:13-35
75            android:exported="true"
75-->src/main/AndroidManifest.xml:66:13-36
76            android:stopWithTask="false" >
76-->src/main/AndroidManifest.xml:67:13-41
77            <intent-filter>
77-->src/main/AndroidManifest.xml:68:13-70:29
78                <action android:name="com.google.firebase.MESSAGING_EVNET" />
78-->src/main/AndroidManifest.xml:69:17-78
78-->src/main/AndroidManifest.xml:69:25-75
79            </intent-filter>
80        </service>
81
82        <provider
82-->[com.squareup.picasso:picasso:2.71828] AndroidManifest.xml:8:9-11:40
83            android:name="com.squareup.picasso.PicassoProvider"
83-->[com.squareup.picasso:picasso:2.71828] AndroidManifest.xml:9:13-64
84            android:authorities="com.relylabs.InstaHelo.com.squareup.picasso"
84-->[com.squareup.picasso:picasso:2.71828] AndroidManifest.xml:10:13-72
85            android:exported="false" />
85-->[com.squareup.picasso:picasso:2.71828] AndroidManifest.xml:11:13-37
86        <!--
87             FirebaseMessagingService performs security checks at runtime,
88             but set to not exported to explicitly avoid allowing another app to call it.
89        -->
90        <service
90-->[com.google.firebase:firebase-messaging:21.0.1] AndroidManifest.xml:28:9-35:19
91            android:name="com.google.firebase.messaging.FirebaseMessagingService"
91-->[com.google.firebase:firebase-messaging:21.0.1] AndroidManifest.xml:29:13-82
92            android:directBootAware="true"
92-->[com.google.firebase:firebase-messaging:21.0.1] AndroidManifest.xml:30:13-43
93            android:exported="false" >
93-->[com.google.firebase:firebase-messaging:21.0.1] AndroidManifest.xml:31:13-37
94            <intent-filter android:priority="-500" >
94-->[com.google.firebase:firebase-messaging:21.0.1] AndroidManifest.xml:32:13-34:29
94-->[com.google.firebase:firebase-messaging:21.0.1] AndroidManifest.xml:32:28-51
95                <action android:name="com.google.firebase.MESSAGING_EVENT" />
95-->[com.google.firebase:firebase-messaging:21.0.1] AndroidManifest.xml:33:17-78
95-->[com.google.firebase:firebase-messaging:21.0.1] AndroidManifest.xml:33:25-75
96            </intent-filter>
97        </service>
98        <service
98-->[com.google.firebase:firebase-messaging:21.0.1] AndroidManifest.xml:36:9-42:19
99            android:name="com.google.firebase.components.ComponentDiscoveryService"
99-->[com.google.firebase:firebase-messaging:21.0.1] AndroidManifest.xml:37:13-84
100            android:directBootAware="true"
100-->[com.google.firebase:firebase-common:19.5.0] AndroidManifest.xml:35:13-43
101            android:exported="false" >
101-->[com.google.firebase:firebase-messaging:21.0.1] AndroidManifest.xml:38:13-37
102            <meta-data
102-->[com.google.firebase:firebase-messaging:21.0.1] AndroidManifest.xml:39:13-41:85
103                android:name="com.google.firebase.components:com.google.firebase.messaging.FirebaseMessagingRegistrar"
103-->[com.google.firebase:firebase-messaging:21.0.1] AndroidManifest.xml:40:17-119
104                android:value="com.google.firebase.components.ComponentRegistrar" />
104-->[com.google.firebase:firebase-messaging:21.0.1] AndroidManifest.xml:41:17-82
105            <meta-data
105-->[com.google.firebase:firebase-datatransport:17.0.10] AndroidManifest.xml:28:13-30:85
106                android:name="com.google.firebase.components:com.google.firebase.datatransport.TransportRegistrar"
106-->[com.google.firebase:firebase-datatransport:17.0.10] AndroidManifest.xml:29:17-115
107                android:value="com.google.firebase.components.ComponentRegistrar" />
107-->[com.google.firebase:firebase-datatransport:17.0.10] AndroidManifest.xml:30:17-82
108            <meta-data
108-->[com.google.firebase:firebase-iid:21.0.1] AndroidManifest.xml:32:13-34:85
109                android:name="com.google.firebase.components:com.google.firebase.iid.Registrar"
109-->[com.google.firebase:firebase-iid:21.0.1] AndroidManifest.xml:33:17-96
110                android:value="com.google.firebase.components.ComponentRegistrar" />
110-->[com.google.firebase:firebase-iid:21.0.1] AndroidManifest.xml:34:17-82
111            <meta-data
111-->[com.google.android.gms:play-services-measurement-api:18.0.2] AndroidManifest.xml:30:13-32:85
112                android:name="com.google.firebase.components:com.google.firebase.analytics.connector.internal.AnalyticsConnectorRegistrar"
112-->[com.google.android.gms:play-services-measurement-api:18.0.2] AndroidManifest.xml:31:17-139
113                android:value="com.google.firebase.components.ComponentRegistrar" />
113-->[com.google.android.gms:play-services-measurement-api:18.0.2] AndroidManifest.xml:32:17-82
114            <meta-data
114-->[com.google.firebase:firebase-installations:16.3.5] AndroidManifest.xml:18:13-20:85
115                android:name="com.google.firebase.components:com.google.firebase.installations.FirebaseInstallationsRegistrar"
115-->[com.google.firebase:firebase-installations:16.3.5] AndroidManifest.xml:19:17-127
116                android:value="com.google.firebase.components.ComponentRegistrar" />
116-->[com.google.firebase:firebase-installations:16.3.5] AndroidManifest.xml:20:17-82
117            <!--
118                This registrar is not defined in the dynamic-module-support sdk itself to allow non-firebase
119                clients to use it as well, by defining this registrar in their own core/common library.
120            -->
121            <meta-data
121-->[com.google.firebase:firebase-common:19.5.0] AndroidManifest.xml:43:13-45:85
122                android:name="com.google.firebase.components:com.google.firebase.dynamicloading.DynamicLoadingRegistrar"
122-->[com.google.firebase:firebase-common:19.5.0] AndroidManifest.xml:44:17-121
123                android:value="com.google.firebase.components.ComponentRegistrar" />
123-->[com.google.firebase:firebase-common:19.5.0] AndroidManifest.xml:45:17-82
124        </service>
125        <service
125-->[com.google.android.datatransport:transport-backend-cct:2.3.3] AndroidManifest.xml:29:9-35:19
126            android:name="com.google.android.datatransport.runtime.backends.TransportBackendDiscovery"
126-->[com.google.android.datatransport:transport-backend-cct:2.3.3] AndroidManifest.xml:30:13-103
127            android:exported="false" >
127-->[com.google.android.datatransport:transport-backend-cct:2.3.3] AndroidManifest.xml:31:13-37
128            <meta-data
128-->[com.google.android.datatransport:transport-backend-cct:2.3.3] AndroidManifest.xml:32:13-34:39
129                android:name="backend:com.google.android.datatransport.cct.CctBackendFactory"
129-->[com.google.android.datatransport:transport-backend-cct:2.3.3] AndroidManifest.xml:33:17-94
130                android:value="cct" />
130-->[com.google.android.datatransport:transport-backend-cct:2.3.3] AndroidManifest.xml:34:17-36
131        </service>
132
133        <receiver
133-->[com.google.firebase:firebase-iid:21.0.1] AndroidManifest.xml:37:9-44:20
134            android:name="com.google.firebase.iid.FirebaseInstanceIdReceiver"
134-->[com.google.firebase:firebase-iid:21.0.1] AndroidManifest.xml:38:13-78
135            android:exported="true"
135-->[com.google.firebase:firebase-iid:21.0.1] AndroidManifest.xml:39:13-36
136            android:permission="com.google.android.c2dm.permission.SEND" >
136-->[com.google.firebase:firebase-iid:21.0.1] AndroidManifest.xml:40:13-73
137            <intent-filter>
137-->[com.google.firebase:firebase-iid:21.0.1] AndroidManifest.xml:41:13-43:29
138                <action android:name="com.google.android.c2dm.intent.RECEIVE" />
138-->[com.google.firebase:firebase-iid:21.0.1] AndroidManifest.xml:42:17-81
138-->[com.google.firebase:firebase-iid:21.0.1] AndroidManifest.xml:42:25-78
139            </intent-filter>
140        </receiver>
141
142        <provider
142-->[com.google.firebase:firebase-common:19.5.0] AndroidManifest.xml:26:9-31:39
143            android:name="com.google.firebase.provider.FirebaseInitProvider"
143-->[com.google.firebase:firebase-common:19.5.0] AndroidManifest.xml:27:13-77
144            android:authorities="com.relylabs.InstaHelo.firebaseinitprovider"
144-->[com.google.firebase:firebase-common:19.5.0] AndroidManifest.xml:28:13-72
145            android:directBootAware="true"
145-->[com.google.firebase:firebase-common:19.5.0] AndroidManifest.xml:29:13-43
146            android:exported="false"
146-->[com.google.firebase:firebase-common:19.5.0] AndroidManifest.xml:30:13-37
147            android:initOrder="100" />
147-->[com.google.firebase:firebase-common:19.5.0] AndroidManifest.xml:31:13-36
148
149        <receiver
149-->[com.google.android.gms:play-services-measurement:18.0.2] AndroidManifest.xml:29:9-33:20
150            android:name="com.google.android.gms.measurement.AppMeasurementReceiver"
150-->[com.google.android.gms:play-services-measurement:18.0.2] AndroidManifest.xml:30:13-85
151            android:enabled="true"
151-->[com.google.android.gms:play-services-measurement:18.0.2] AndroidManifest.xml:31:13-35
152            android:exported="false" >
152-->[com.google.android.gms:play-services-measurement:18.0.2] AndroidManifest.xml:32:13-37
153        </receiver>
154
155        <service
155-->[com.google.android.gms:play-services-measurement:18.0.2] AndroidManifest.xml:35:9-38:40
156            android:name="com.google.android.gms.measurement.AppMeasurementService"
156-->[com.google.android.gms:play-services-measurement:18.0.2] AndroidManifest.xml:36:13-84
157            android:enabled="true"
157-->[com.google.android.gms:play-services-measurement:18.0.2] AndroidManifest.xml:37:13-35
158            android:exported="false" />
158-->[com.google.android.gms:play-services-measurement:18.0.2] AndroidManifest.xml:38:13-37
159        <service
159-->[com.google.android.gms:play-services-measurement:18.0.2] AndroidManifest.xml:39:9-43:72
160            android:name="com.google.android.gms.measurement.AppMeasurementJobService"
160-->[com.google.android.gms:play-services-measurement:18.0.2] AndroidManifest.xml:40:13-87
161            android:enabled="true"
161-->[com.google.android.gms:play-services-measurement:18.0.2] AndroidManifest.xml:41:13-35
162            android:exported="false"
162-->[com.google.android.gms:play-services-measurement:18.0.2] AndroidManifest.xml:42:13-37
163            android:permission="android.permission.BIND_JOB_SERVICE" />
163-->[com.google.android.gms:play-services-measurement:18.0.2] AndroidManifest.xml:43:13-69
164
165        <activity
165-->[com.google.android.gms:play-services-base:17.0.0] AndroidManifest.xml:23:9-26:75
166            android:name="com.google.android.gms.common.api.GoogleApiActivity"
166-->[com.google.android.gms:play-services-base:17.0.0] AndroidManifest.xml:24:13-79
167            android:exported="false"
167-->[com.google.android.gms:play-services-base:17.0.0] AndroidManifest.xml:25:13-37
168            android:theme="@android:style/Theme.Translucent.NoTitleBar" />
168-->[com.google.android.gms:play-services-base:17.0.0] AndroidManifest.xml:26:13-72
169
170        <meta-data
170-->[com.google.android.gms:play-services-basement:17.0.0] AndroidManifest.xml:23:9-25:69
171            android:name="com.google.android.gms.version"
171-->[com.google.android.gms:play-services-basement:17.0.0] AndroidManifest.xml:24:13-58
172            android:value="@integer/google_play_services_version" />
172-->[com.google.android.gms:play-services-basement:17.0.0] AndroidManifest.xml:25:13-66
173
174        <service
174-->[com.google.android.datatransport:transport-runtime:2.2.5] AndroidManifest.xml:26:9-30:19
175            android:name="com.google.android.datatransport.runtime.scheduling.jobscheduling.JobInfoSchedulerService"
175-->[com.google.android.datatransport:transport-runtime:2.2.5] AndroidManifest.xml:27:13-117
176            android:exported="false"
176-->[com.google.android.datatransport:transport-runtime:2.2.5] AndroidManifest.xml:28:13-37
177            android:permission="android.permission.BIND_JOB_SERVICE" >
177-->[com.google.android.datatransport:transport-runtime:2.2.5] AndroidManifest.xml:29:13-69
178        </service>
179
180        <receiver
180-->[com.google.android.datatransport:transport-runtime:2.2.5] AndroidManifest.xml:32:9-34:40
181            android:name="com.google.android.datatransport.runtime.scheduling.jobscheduling.AlarmManagerSchedulerBroadcastReceiver"
181-->[com.google.android.datatransport:transport-runtime:2.2.5] AndroidManifest.xml:33:13-132
182            android:exported="false" />
182-->[com.google.android.datatransport:transport-runtime:2.2.5] AndroidManifest.xml:34:13-37
183    </application>
184
185</manifest>